{"G:\\Projects\\fitness-tracker\\store\\workoutStore.ts": {"path":"G:\\Projects\\fitness-tracker\\store\\workoutStore.ts","statementMap":{"0":{"start":{"line":14,"column":31},"end":{"line":27,"column":3}},"1":{"start":{"line":14,"column":62},"end":{"line":27,"column":1}},"2":{"start":{"line":20,"column":4},"end":{"line":20,"column":89}},"3":{"start":{"line":22,"column":4},"end":{"line":22,"column":98}},"4":{"start":{"line":24,"column":4},"end":{"line":24,"column":82}},"5":{"start":{"line":24,"column":20},"end":{"line":24,"column":80}},"6":{"start":{"line":26,"column":4},"end":{"line":26,"column":103}}},"fnMap":{"0":{"name":"(anonymous_0)","decl":{"start":{"line":14,"column":52},"end":{"line":14,"column":53}},"loc":{"start":{"line":14,"column":62},"end":{"line":27,"column":1}},"line":14},"1":{"name":"(anonymous_1)","decl":{"start":{"line":19,"column":16},"end":{"line":19,"column":17}},"loc":{"start":{"line":20,"column":4},"end":{"line":20,"column":89}},"line":20},"2":{"name":"(anonymous_2)","decl":{"start":{"line":21,"column":14},"end":{"line":21,"column":15}},"loc":{"start":{"line":22,"column":4},"end":{"line":22,"column":98}},"line":22},"3":{"name":"(anonymous_3)","decl":{"start":{"line":23,"column":18},"end":{"line":23,"column":19}},"loc":{"start":{"line":24,"column":4},"end":{"line":24,"column":82}},"line":24},"4":{"name":"(anonymous_4)","decl":{"start":{"line":24,"column":8},"end":{"line":24,"column":9}},"loc":{"start":{"line":24,"column":20},"end":{"line":24,"column":80}},"line":24},"5":{"name":"(anonymous_5)","decl":{"start":{"line":25,"column":17},"end":{"line":25,"column":18}},"loc":{"start":{"line":26,"column":4},"end":{"line":26,"column":103}},"line":26}},"branchMap":{},"s":{"0":1,"1":1,"2":3,"3":5,"4":2,"5":2,"6":1},"f":{"0":1,"1":3,"2":5,"3":2,"4":2,"5":1},"b":{},"_coverageSchema":"1a1c01bbd47fc00a2c39e90264f33305004495a9","hash":"746dd5a0bf68bde04cd7a62fa1e0c7465278b4c2"}
,"G:\\Projects\\fitness-tracker\\utils\\exerciseUtils.ts": {"path":"G:\\Projects\\fitness-tracker\\utils\\exerciseUtils.ts","statementMap":{"0":{"start":{"line":5,"column":2},"end":{"line":14,"column":3}},"1":{"start":{"line":7,"column":6},"end":{"line":7,"column":29}},"2":{"start":{"line":9,"column":6},"end":{"line":9,"column":25}},"3":{"start":{"line":11,"column":6},"end":{"line":11,"column":26}},"4":{"start":{"line":13,"column":6},"end":{"line":13,"column":18}},"5":{"start":{"line":26,"column":2},"end":{"line":39,"column":3}},"6":{"start":{"line":28,"column":30},"end":{"line":28,"column":32}},"7":{"start":{"line":29,"column":6},"end":{"line":29,"column":84}},"8":{"start":{"line":29,"column":42},"end":{"line":29,"column":84}},"9":{"start":{"line":30,"column":6},"end":{"line":30,"column":83}},"10":{"start":{"line":30,"column":40},"end":{"line":30,"column":83}},"11":{"start":{"line":31,"column":6},"end":{"line":31,"column":70}},"12":{"start":{"line":34,"column":6},"end":{"line":34,"column":95}},"13":{"start":{"line":36,"column":6},"end":{"line":36,"column":108}},"14":{"start":{"line":38,"column":6},"end":{"line":38,"column":16}},"15":{"start":{"line":46,"column":2},"end":{"line":46,"column":74}},"16":{"start":{"line":46,"column":53},"end":{"line":46,"column":74}},"17":{"start":{"line":47,"column":23},"end":{"line":47,"column":54}},"18":{"start":{"line":48,"column":2},"end":{"line":48,"column":37}},"19":{"start":{"line":48,"column":24},"end":{"line":48,"column":37}},"20":{"start":{"line":49,"column":2},"end":{"line":49,"column":51}},"21":{"start":{"line":49,"column":25},"end":{"line":49,"column":51}},"22":{"start":{"line":50,"column":16},"end":{"line":50,"column":45}},"23":{"start":{"line":51,"column":18},"end":{"line":51,"column":35}},"24":{"start":{"line":52,"column":2},"end":{"line":52,"column":61}},"25":{"start":{"line":87,"column":17},"end":{"line":93,"column":3}},"26":{"start":{"line":95,"column":2},"end":{"line":118,"column":3}},"27":{"start":{"line":96,"column":4},"end":{"line":96,"column":91}},"28":{"start":{"line":98,"column":26},"end":{"line":98,"column":34}},"29":{"start":{"line":99,"column":4},"end":{"line":103,"column":7}},"30":{"start":{"line":105,"column":4},"end":{"line":117,"column":5}},"31":{"start":{"line":106,"column":23},"end":{"line":109,"column":70}},"32":{"start":{"line":111,"column":6},"end":{"line":116,"column":9}}},"fnMap":{"0":{"name":"formatExerciseType","decl":{"start":{"line":4,"column":16},"end":{"line":4,"column":34}},"loc":{"start":{"line":4,"column":57},"end":{"line":15,"column":1}},"line":4},"1":{"name":"formatExerciseDefaults","decl":{"start":{"line":20,"column":16},"end":{"line":20,"column":38}},"loc":{"start":{"line":25,"column":11},"end":{"line":40,"column":1}},"line":25},"2":{"name":"formatDuration","decl":{"start":{"line":45,"column":16},"end":{"line":45,"column":30}},"loc":{"start":{"line":45,"column":87},"end":{"line":53,"column":1}},"line":45},"3":{"name":"saveExerciseLogic","decl":{"start":{"line":58,"column":22},"end":{"line":58,"column":39}},"loc":{"start":{"line":86,"column":3},"end":{"line":119,"column":1}},"line":86}},"branchMap":{"0":{"loc":{"start":{"line":5,"column":2},"end":{"line":14,"column":3}},"type":"switch","locations":[{"start":{"line":6,"column":4},"end":{"line":7,"column":29}},{"start":{"line":8,"column":4},"end":{"line":9,"column":25}},{"start":{"line":10,"column":4},"end":{"line":11,"column":26}},{"start":{"line":12,"column":4},"end":{"line":13,"column":18}}],"line":5},"1":{"loc":{"start":{"line":26,"column":2},"end":{"line":39,"column":3}},"type":"switch","locations":[{"start":{"line":27,"column":4},"end":{"line":32,"column":5}},{"start":{"line":33,"column":4},"end":{"line":34,"column":95}},{"start":{"line":35,"column":4},"end":{"line":36,"column":108}},{"start":{"line":37,"column":4},"end":{"line":38,"column":16}}],"line":26},"2":{"loc":{"start":{"line":29,"column":6},"end":{"line":29,"column":84}},"type":"if","locations":[{"start":{"line":29,"column":6},"end":{"line":29,"column":84}},{"start":{},"end":{}}],"line":29},"3":{"loc":{"start":{"line":30,"column":6},"end":{"line":30,"column":83}},"type":"if","locations":[{"start":{"line":30,"column":6},"end":{"line":30,"column":83}},{"start":{},"end":{}}],"line":30},"4":{"loc":{"start":{"line":31,"column":13},"end":{"line":31,"column":69}},"type":"cond-expr","locations":[{"start":{"line":31,"column":32},"end":{"line":31,"column":49}},{"start":{"line":31,"column":52},"end":{"line":31,"column":69}}],"line":31},"5":{"loc":{"start":{"line":34,"column":13},"end":{"line":34,"column":94}},"type":"cond-expr","locations":[{"start":{"line":34,"column":44},"end":{"line":34,"column":74}},{"start":{"line":34,"column":77},"end":{"line":34,"column":94}}],"line":34},"6":{"loc":{"start":{"line":36,"column":13},"end":{"line":36,"column":107}},"type":"cond-expr","locations":[{"start":{"line":36,"column":51},"end":{"line":36,"column":87}},{"start":{"line":36,"column":90},"end":{"line":36,"column":107}}],"line":36},"7":{"loc":{"start":{"line":46,"column":2},"end":{"line":46,"column":74}},"type":"if","locations":[{"start":{"line":46,"column":2},"end":{"line":46,"column":74}},{"start":{},"end":{}}],"line":46},"8":{"loc":{"start":{"line":46,"column":6},"end":{"line":46,"column":51}},"type":"binary-expr","locations":[{"start":{"line":46,"column":6},"end":{"line":46,"column":25}},{"start":{"line":46,"column":29},"end":{"line":46,"column":51}}],"line":46},"9":{"loc":{"start":{"line":48,"column":2},"end":{"line":48,"column":37}},"type":"if","locations":[{"start":{"line":48,"column":2},"end":{"line":48,"column":37}},{"start":{},"end":{}}],"line":48},"10":{"loc":{"start":{"line":49,"column":2},"end":{"line":49,"column":51}},"type":"if","locations":[{"start":{"line":49,"column":2},"end":{"line":49,"column":51}},{"start":{},"end":{}}],"line":49},"11":{"loc":{"start":{"line":52,"column":9},"end":{"line":52,"column":60}},"type":"cond-expr","locations":[{"start":{"line":52,"column":23},"end":{"line":52,"column":46}},{"start":{"line":52,"column":49},"end":{"line":52,"column":60}}],"line":52},"12":{"loc":{"start":{"line":90,"column":19},"end":{"line":90,"column":40}},"type":"binary-expr","locations":[{"start":{"line":90,"column":19},"end":{"line":90,"column":32}},{"start":{"line":90,"column":36},"end":{"line":90,"column":40}}],"line":90},"13":{"loc":{"start":{"line":91,"column":17},"end":{"line":91,"column":36}},"type":"binary-expr","locations":[{"start":{"line":91,"column":17},"end":{"line":91,"column":28}},{"start":{"line":91,"column":32},"end":{"line":91,"column":36}}],"line":91},"14":{"loc":{"start":{"line":92,"column":24},"end":{"line":92,"column":50}},"type":"binary-expr","locations":[{"start":{"line":92,"column":24},"end":{"line":92,"column":42}},{"start":{"line":92,"column":46},"end":{"line":92,"column":50}}],"line":92},"15":{"loc":{"start":{"line":95,"column":2},"end":{"line":118,"column":3}},"type":"if","locations":[{"start":{"line":95,"column":2},"end":{"line":118,"column":3}},{"start":{"line":97,"column":9},"end":{"line":118,"column":3}}],"line":95},"16":{"loc":{"start":{"line":95,"column":6},"end":{"line":95,"column":29}},"type":"binary-expr","locations":[{"start":{"line":95,"column":6},"end":{"line":95,"column":15}},{"start":{"line":95,"column":19},"end":{"line":95,"column":29}}],"line":95},"17":{"loc":{"start":{"line":105,"column":4},"end":{"line":117,"column":5}},"type":"if","locations":[{"start":{"line":105,"column":4},"end":{"line":117,"column":5}},{"start":{},"end":{}}],"line":105}},"s":{"0":4,"1":1,"2":1,"3":1,"4":1,"5":6,"6":2,"7":2,"8":1,"9":2,"10":1,"11":2,"12":2,"13":2,"14":0,"15":8,"16":2,"17":6,"18":6,"19":1,"20":5,"21":2,"22":3,"23":3,"24":3,"25":2,"26":2,"27":1,"28":1,"29":1,"30":1,"31":1,"32":1},"f":{"0":4,"1":6,"2":8,"3":2},"b":{"0":[1,1,1,1],"1":[2,2,2,0],"2":[1,1],"3":[1,1],"4":[1,1],"5":[1,1],"6":[1,1],"7":[2,6],"8":[8,7],"9":[1,5],"10":[2,3],"11":[1,2],"12":[2,0],"13":[2,0],"14":[2,2],"15":[1,1],"16":[2,1],"17":[1,0]},"_coverageSchema":"1a1c01bbd47fc00a2c39e90264f33305004495a9","hash":"f8c816ed2fbb6e4babf914a0970809519b527795"}
}
