TN:
SF:store\workoutStore.ts
FN:14,(anonymous_0)
FN:19,(anonymous_1)
FN:21,(anonymous_2)
FN:23,(anonymous_3)
FN:24,(anonymous_4)
FN:25,(anonymous_5)
FNF:6
FNH:6
FNDA:1,(anonymous_0)
FNDA:3,(anonymous_1)
FNDA:5,(anonymous_2)
FNDA:2,(anonymous_3)
FNDA:2,(anonymous_4)
FNDA:1,(anonymous_5)
DA:14,1
DA:20,3
DA:22,5
DA:24,2
DA:26,1
LF:5
LH:5
BRF:0
BRH:0
end_of_record
TN:
SF:utils\exerciseUtils.ts
FN:4,formatExerciseType
FN:20,formatExerciseDefaults
FN:45,formatDuration
FN:58,saveExerciseLogic
FNF:4
FNH:4
FNDA:4,formatExerciseType
FNDA:6,formatExerciseDefaults
FNDA:8,formatDuration
FNDA:2,saveExerciseLogic
DA:5,4
DA:7,1
DA:9,1
DA:11,1
DA:13,1
DA:26,6
DA:28,2
DA:29,2
DA:30,2
DA:31,2
DA:34,2
DA:36,2
DA:38,0
DA:46,8
DA:47,6
DA:48,6
DA:49,5
DA:50,3
DA:51,3
DA:52,3
DA:87,2
DA:95,2
DA:96,1
DA:98,1
DA:99,1
DA:105,1
DA:106,1
DA:111,1
LF:28
LH:27
BRDA:5,0,0,1
BRDA:5,0,1,1
BRDA:5,0,2,1
BRDA:5,0,3,1
BRDA:26,1,0,2
BRDA:26,1,1,2
BRDA:26,1,2,2
BRDA:26,1,3,0
BRDA:29,2,0,1
BRDA:29,2,1,1
BRDA:30,3,0,1
BRDA:30,3,1,1
BRDA:31,4,0,1
BRDA:31,4,1,1
BRDA:34,5,0,1
BRDA:34,5,1,1
BRDA:36,6,0,1
BRDA:36,6,1,1
BRDA:46,7,0,2
BRDA:46,7,1,6
BRDA:46,8,0,8
BRDA:46,8,1,7
BRDA:48,9,0,1
BRDA:48,9,1,5
BRDA:49,10,0,2
BRDA:49,10,1,3
BRDA:52,11,0,1
BRDA:52,11,1,2
BRDA:90,12,0,2
BRDA:90,12,1,0
BRDA:91,13,0,2
BRDA:91,13,1,0
BRDA:92,14,0,2
BRDA:92,14,1,2
BRDA:95,15,0,1
BRDA:95,15,1,1
BRDA:95,16,0,2
BRDA:95,16,1,1
BRDA:105,17,0,1
BRDA:105,17,1,0
BRF:40
BRH:36
end_of_record
